<?xml version="1.0" encoding="UTF-8"?>
<testsuite xmlns:xsi="http://www.w3.org/2001/XMLSchema-instance" xsi:noNamespaceSchemaLocation="https://maven.apache.org/surefire/maven-surefire-plugin/xsd/surefire-test-report.xsd" name="dev.sample.GreetingTest" time="8.327" tests="1" errors="0" skipped="0" failures="0">
  <properties>
    <property name="sun.desktop" value="windows"/>
    <property name="awt.toolkit" value="sun.awt.windows.WToolkit"/>
    <property name="file.encoding.pkg" value="sun.io"/>
    <property name="java.specification.version" value="1.8"/>
    <property name="sun.cpu.isalist" value="amd64"/>
    <property name="sun.jnu.encoding" value="Cp1252"/>
    <property name="java.class.path" value="C:\Users\Alejandro\Desktop\Quarkus\quarkus-lambda-sam\target\test-classes;C:\Users\Alejandro\Desktop\Quarkus\quarkus-lambda-sam\target\classes;C:\Users\Alejandro\.m2\repository\io\quarkus\quarkus-resteasy\1.6.1.Final\quarkus-resteasy-1.6.1.Final.jar;C:\Users\Alejandro\.m2\repository\io\quarkus\quarkus-vertx-http\1.6.1.Final\quarkus-vertx-http-1.6.1.Final.jar;C:\Users\Alejandro\.m2\repository\io\quarkus\quarkus-development-mode-spi\1.6.1.Final\quarkus-development-mode-spi-1.6.1.Final.jar;C:\Users\Alejandro\.m2\repository\io\quarkus\quarkus-vertx-core\1.6.1.Final\quarkus-vertx-core-1.6.1.Final.jar;C:\Users\Alejandro\.m2\repository\io\vertx\vertx-web\3.9.1\vertx-web-3.9.1.jar;C:\Users\Alejandro\.m2\repository\io\vertx\vertx-web-common\3.9.1\vertx-web-common-3.9.1.jar;C:\Users\Alejandro\.m2\repository\io\vertx\vertx-auth-common\3.9.1\vertx-auth-common-3.9.1.jar;C:\Users\Alejandro\.m2\repository\io\vertx\vertx-bridge-common\3.9.1\vertx-bridge-common-3.9.1.jar;C:\Users\Alejandro\.m2\repository\io\quarkus\quarkus-resteasy-server-common\1.6.1.Final\quarkus-resteasy-server-common-1.6.1.Final.jar;C:\Users\Alejandro\.m2\repository\io\quarkus\quarkus-resteasy-common\1.6.1.Final\quarkus-resteasy-common-1.6.1.Final.jar;C:\Users\Alejandro\.m2\repository\org\jboss\resteasy\resteasy-core\4.5.5.Final\resteasy-core-4.5.5.Final.jar;C:\Users\Alejandro\.m2\repository\org\jboss\spec\javax\ws\rs\jboss-jaxrs-api_2.1_spec\2.0.1.Final\jboss-jaxrs-api_2.1_spec-2.0.1.Final.jar;C:\Users\Alejandro\.m2\repository\org\jboss\spec\javax\xml\bind\jboss-jaxb-api_2.3_spec\2.0.0.Final\jboss-jaxb-api_2.3_spec-2.0.0.Final.jar;C:\Users\Alejandro\.m2\repository\org\jboss\resteasy\resteasy-core-spi\4.5.5.Final\resteasy-core-spi-4.5.5.Final.jar;C:\Users\Alejandro\.m2\repository\com\ibm\async\asyncutil\0.1.0\asyncutil-0.1.0.jar;C:\Users\Alejandro\.m2\repository\org\eclipse\microprofile\config\microprofile-config-api\1.4\microprofile-config-api-1.4.jar;C:\Users\Alejandro\.m2\repository\com\sun\activation\jakarta.activation\1.2.1\jakarta.activation-1.2.1.jar;C:\Users\Alejandro\.m2\repository\jakarta\validation\jakarta.validation-api\2.0.2\jakarta.validation-api-2.0.2.jar;C:\Users\Alejandro\.m2\repository\io\quarkus\quarkus-undertow\1.6.1.Final\quarkus-undertow-1.6.1.Final.jar;C:\Users\Alejandro\.m2\repository\io\quarkus\quarkus-arc\1.6.1.Final\quarkus-arc-1.6.1.Final.jar;C:\Users\Alejandro\.m2\repository\io\quarkus\arc\arc\1.6.1.Final\arc-1.6.1.Final.jar;C:\Users\Alejandro\.m2\repository\jakarta\transaction\jakarta.transaction-api\1.3.3\jakarta.transaction-api-1.3.3.jar;C:\Users\Alejandro\.m2\repository\io\quarkus\security\quarkus-security\1.1.2.Final\quarkus-security-1.1.2.Final.jar;C:\Users\Alejandro\.m2\repository\org\jboss\logging\jboss-logging\3.3.2.Final\jboss-logging-3.3.2.Final.jar;C:\Users\Alejandro\.m2\repository\io\smallrye\reactive\mutiny\0.5.4\mutiny-0.5.4.jar;C:\Users\Alejandro\.m2\repository\org\reactivestreams\reactive-streams\1.0.3\reactive-streams-1.0.3.jar;C:\Users\Alejandro\.m2\repository\jakarta\enterprise\jakarta.enterprise.cdi-api\2.0.2\jakarta.enterprise.cdi-api-2.0.2.jar;C:\Users\Alejandro\.m2\repository\jakarta\el\jakarta.el-api\3.0.3\jakarta.el-api-3.0.3.jar;C:\Users\Alejandro\.m2\repository\jakarta\interceptor\jakarta.interceptor-api\1.2.5\jakarta.interceptor-api-1.2.5.jar;C:\Users\Alejandro\.m2\repository\jakarta\inject\jakarta.inject-api\1.0\jakarta.inject-api-1.0.jar;C:\Users\Alejandro\.m2\repository\io\quarkus\http\quarkus-http-servlet\3.0.12.Final\quarkus-http-servlet-3.0.12.Final.jar;C:\Users\Alejandro\.m2\repository\jakarta\servlet\jakarta.servlet-api\4.0.3\jakarta.servlet-api-4.0.3.jar;C:\Users\Alejandro\.m2\repository\jakarta\annotation\jakarta.annotation-api\1.3.5\jakarta.annotation-api-1.3.5.jar;C:\Users\Alejandro\.m2\repository\io\quarkus\http\quarkus-http-vertx-backend\3.0.12.Final\quarkus-http-vertx-backend-3.0.12.Final.jar;C:\Users\Alejandro\.m2\repository\io\vertx\vertx-core\3.9.1\vertx-core-3.9.1.jar;C:\Users\Alejandro\.m2\repository\io\netty\netty-common\4.1.49.Final\netty-common-4.1.49.Final.jar;C:\Users\Alejandro\.m2\repository\io\netty\netty-buffer\4.1.49.Final\netty-buffer-4.1.49.Final.jar;C:\Users\Alejandro\.m2\repository\io\netty\netty-transport\4.1.49.Final\netty-transport-4.1.49.Final.jar;C:\Users\Alejandro\.m2\repository\io\netty\netty-handler\4.1.49.Final\netty-handler-4.1.49.Final.jar;C:\Users\Alejandro\.m2\repository\io\netty\netty-handler-proxy\4.1.49.Final\netty-handler-proxy-4.1.49.Final.jar;C:\Users\Alejandro\.m2\repository\io\netty\netty-codec-socks\4.1.49.Final\netty-codec-socks-4.1.49.Final.jar;C:\Users\Alejandro\.m2\repository\io\netty\netty-codec-http2\4.1.49.Final\netty-codec-http2-4.1.49.Final.jar;C:\Users\Alejandro\.m2\repository\io\netty\netty-resolver\4.1.49.Final\netty-resolver-4.1.49.Final.jar;C:\Users\Alejandro\.m2\repository\io\netty\netty-resolver-dns\4.1.49.Final\netty-resolver-dns-4.1.49.Final.jar;C:\Users\Alejandro\.m2\repository\io\netty\netty-codec-dns\4.1.49.Final\netty-codec-dns-4.1.49.Final.jar;C:\Users\Alejandro\.m2\repository\io\quarkus\http\quarkus-http-http-core\3.0.12.Final\quarkus-http-http-core-3.0.12.Final.jar;C:\Users\Alejandro\.m2\repository\io\quarkus\http\quarkus-http-core\3.0.12.Final\quarkus-http-core-3.0.12.Final.jar;C:\Users\Alejandro\.m2\repository\io\netty\netty-codec-http\4.1.49.Final\netty-codec-http-4.1.49.Final.jar;C:\Users\Alejandro\.m2\repository\io\netty\netty-codec\4.1.49.Final\netty-codec-4.1.49.Final.jar;C:\Users\Alejandro\.m2\repository\io\quarkus\quarkus-core\1.6.1.Final\quarkus-core-1.6.1.Final.jar;C:\Users\Alejandro\.m2\repository\io\quarkus\quarkus-ide-launcher\1.6.1.Final\quarkus-ide-launcher-1.6.1.Final.jar;C:\Users\Alejandro\.m2\repository\io\smallrye\config\smallrye-config\1.8.4\smallrye-config-1.8.4.jar;C:\Users\Alejandro\.m2\repository\io\smallrye\common\smallrye-common-annotation\1.0.2\smallrye-common-annotation-1.0.2.jar;C:\Users\Alejandro\.m2\repository\io\smallrye\config\smallrye-config-common\1.8.4\smallrye-config-common-1.8.4.jar;C:\Users\Alejandro\.m2\repository\io\smallrye\common\smallrye-common-expression\1.0.2\smallrye-common-expression-1.0.2.jar;C:\Users\Alejandro\.m2\repository\io\smallrye\common\smallrye-common-function\1.0.2\smallrye-common-function-1.0.2.jar;C:\Users\Alejandro\.m2\repository\io\smallrye\common\smallrye-common-constraint\1.0.2\smallrye-common-constraint-1.0.2.jar;C:\Users\Alejandro\.m2\repository\org\jboss\logmanager\jboss-logmanager-embedded\1.0.4\jboss-logmanager-embedded-1.0.4.jar;C:\Users\Alejandro\.m2\repository\org\jboss\logging\jboss-logging-annotations\2.1.0.Final\jboss-logging-annotations-2.1.0.Final.jar;C:\Users\Alejandro\.m2\repository\org\jboss\threads\jboss-threads\3.1.1.Final\jboss-threads-3.1.1.Final.jar;C:\Users\Alejandro\.m2\repository\org\slf4j\slf4j-api\1.7.30\slf4j-api-1.7.30.jar;C:\Users\Alejandro\.m2\repository\org\jboss\slf4j\slf4j-jboss-logging\1.2.0.Final\slf4j-jboss-logging-1.2.0.Final.jar;C:\Users\Alejandro\.m2\repository\org\graalvm\sdk\graal-sdk\20.1.0\graal-sdk-20.1.0.jar;C:\Users\Alejandro\.m2\repository\org\wildfly\common\wildfly-common\1.5.4.Final-format-001\wildfly-common-1.5.4.Final-format-001.jar;C:\Users\Alejandro\.m2\repository\io\quarkus\quarkus-bootstrap-runner\1.6.1.Final\quarkus-bootstrap-runner-1.6.1.Final.jar;C:\Users\Alejandro\.m2\repository\org\eclipse\microprofile\context-propagation\microprofile-context-propagation-api\1.0.1\microprofile-context-propagation-api-1.0.1.jar;C:\Users\Alejandro\.m2\repository\io\quarkus\quarkus-vertx-web\1.6.1.Final\quarkus-vertx-web-1.6.1.Final.jar;C:\Users\Alejandro\.m2\repository\io\quarkus\quarkus-vertx\1.6.1.Final\quarkus-vertx-1.6.1.Final.jar;C:\Users\Alejandro\.m2\repository\io\quarkus\quarkus-netty\1.6.1.Final\quarkus-netty-1.6.1.Final.jar;C:\Users\Alejandro\.m2\repository\io\smallrye\reactive\smallrye-axle-generator\0.1.1\smallrye-axle-generator-0.1.1.jar;C:\Users\Alejandro\.m2\repository\io\smallrye\reactive\mutiny-reactive-streams-operators\0.5.4\mutiny-reactive-streams-operators-0.5.4.jar;C:\Users\Alejandro\.m2\repository\org\eclipse\microprofile\reactive-streams-operators\microprofile-reactive-streams-operators-api\1.0.1\microprofile-reactive-streams-operators-api-1.0.1.jar;C:\Users\Alejandro\.m2\repository\org\eclipse\microprofile\reactive-streams-operators\microprofile-reactive-streams-operators-core\1.0.1\microprofile-reactive-streams-operators-core-1.0.1.jar;C:\Users\Alejandro\.m2\repository\io\smallrye\reactive\smallrye-axle-core\0.1.1\smallrye-axle-core-0.1.1.jar;C:\Users\Alejandro\.m2\repository\io\vertx\vertx-rx-java2\3.9.1\vertx-rx-java2-3.9.1.jar;C:\Users\Alejandro\.m2\repository\io\reactivex\rxjava2\rxjava\2.2.19\rxjava-2.2.19.jar;C:\Users\Alejandro\.m2\repository\io\vertx\vertx-rx-gen\3.9.1\vertx-rx-gen-3.9.1.jar;C:\Users\Alejandro\.m2\repository\io\vertx\vertx-codegen\3.9.1\vertx-codegen-3.9.1.jar;C:\Users\Alejandro\.m2\repository\org\mvel\mvel2\2.3.1.Final\mvel2-2.3.1.Final.jar;C:\Users\Alejandro\.m2\repository\io\quarkus\quarkus-mutiny\1.6.1.Final\quarkus-mutiny-1.6.1.Final.jar;C:\Users\Alejandro\.m2\repository\io\quarkus\quarkus-smallrye-context-propagation\1.6.1.Final\quarkus-smallrye-context-propagation-1.6.1.Final.jar;C:\Users\Alejandro\.m2\repository\io\smallrye\smallrye-context-propagation\1.0.13\smallrye-context-propagation-1.0.13.jar;C:\Users\Alejandro\.m2\repository\io\smallrye\smallrye-context-propagation-api\1.0.13\smallrye-context-propagation-api-1.0.13.jar;C:\Users\Alejandro\.m2\repository\io\smallrye\reactive\mutiny-context-propagation\0.5.4\mutiny-context-propagation-0.5.4.jar;C:\Users\Alejandro\.m2\repository\io\smallrye\reactive\smallrye-mutiny-vertx-core\0.1.1\smallrye-mutiny-vertx-core-0.1.1.jar;C:\Users\Alejandro\.m2\repository\io\smallrye\reactive\smallrye-mutiny-vertx-runtime\0.1.1\smallrye-mutiny-vertx-runtime-0.1.1.jar;C:\Users\Alejandro\.m2\repository\io\smallrye\reactive\vertx-mutiny-generator\0.1.1\vertx-mutiny-generator-0.1.1.jar;C:\Users\Alejandro\.m2\repository\io\quarkus\quarkus-funqy-http\1.6.1.Final\quarkus-funqy-http-1.6.1.Final.jar;C:\Users\Alejandro\.m2\repository\io\quarkus\quarkus-funqy-server-common\1.6.1.Final\quarkus-funqy-server-common-1.6.1.Final.jar;C:\Users\Alejandro\.m2\repository\io\quarkus\quarkus-jackson\1.6.1.Final\quarkus-jackson-1.6.1.Final.jar;C:\Users\Alejandro\.m2\repository\com\fasterxml\jackson\core\jackson-databind\2.10.4\jackson-databind-2.10.4.jar;C:\Users\Alejandro\.m2\repository\com\fasterxml\jackson\core\jackson-annotations\2.10.4\jackson-annotations-2.10.4.jar;C:\Users\Alejandro\.m2\repository\com\fasterxml\jackson\core\jackson-core\2.10.4\jackson-core-2.10.4.jar;C:\Users\Alejandro\.m2\repository\com\fasterxml\jackson\datatype\jackson-datatype-jsr310\2.10.4\jackson-datatype-jsr310-2.10.4.jar;C:\Users\Alejandro\.m2\repository\com\fasterxml\jackson\datatype\jackson-datatype-jdk8\2.10.4\jackson-datatype-jdk8-2.10.4.jar;C:\Users\Alejandro\.m2\repository\com\fasterxml\jackson\module\jackson-module-parameter-names\2.10.4\jackson-module-parameter-names-2.10.4.jar;C:\Users\Alejandro\.m2\repository\io\quarkus\quarkus-amazon-lambda-http\1.6.1.Final\quarkus-amazon-lambda-http-1.6.1.Final.jar;C:\Users\Alejandro\.m2\repository\io\quarkus\quarkus-amazon-lambda\1.6.1.Final\quarkus-amazon-lambda-1.6.1.Final.jar;C:\Users\Alejandro\.m2\repository\io\quarkus\quarkus-amazon-lambda-common\1.6.1.Final\quarkus-amazon-lambda-common-1.6.1.Final.jar;C:\Users\Alejandro\.m2\repository\com\amazonaws\aws-lambda-java-events\3.1.0\aws-lambda-java-events-3.1.0.jar;C:\Users\Alejandro\.m2\repository\com\fasterxml\jackson\datatype\jackson-datatype-joda\2.10.4\jackson-datatype-joda-2.10.4.jar;C:\Users\Alejandro\.m2\repository\joda-time\joda-time\2.9.9\joda-time-2.9.9.jar;C:\Users\Alejandro\.m2\repository\com\amazonaws\serverless\aws-serverless-java-container-core\1.3.1\aws-serverless-java-container-core-1.3.1.jar;C:\Users\Alejandro\.m2\repository\com\amazonaws\aws-lambda-java-core\1.2.1\aws-lambda-java-core-1.2.1.jar;C:\Users\Alejandro\.m2\repository\com\fasterxml\jackson\module\jackson-module-afterburner\2.10.4\jackson-module-afterburner-2.10.4.jar;C:\Users\Alejandro\.m2\repository\commons-fileupload\commons-fileupload\1.4\commons-fileupload-1.4.jar;C:\Users\Alejandro\.m2\repository\commons-io\commons-io\2.6\commons-io-2.6.jar;C:\Users\Alejandro\.m2\repository\org\apache\httpcomponents\httpcore\4.4.13\httpcore-4.4.13.jar;C:\Users\Alejandro\.m2\repository\io\quarkus\quarkus-junit5\1.6.1.Final\quarkus-junit5-1.6.1.Final.jar;C:\Users\Alejandro\.m2\repository\io\quarkus\quarkus-bootstrap-core\1.6.1.Final\quarkus-bootstrap-core-1.6.1.Final.jar;C:\Users\Alejandro\.m2\repository\io\quarkus\quarkus-bootstrap-app-model\1.6.1.Final\quarkus-bootstrap-app-model-1.6.1.Final.jar;C:\Users\Alejandro\.m2\repository\io\quarkus\quarkus-bootstrap-maven-resolver\1.6.1.Final\quarkus-bootstrap-maven-resolver-1.6.1.Final.jar;C:\Users\Alejandro\.m2\repository\org\ow2\asm\asm\8.0.1\asm-8.0.1.jar;C:\Users\Alejandro\.m2\repository\org\apache\maven\maven-embedder\3.6.3\maven-embedder-3.6.3.jar;C:\Users\Alejandro\.m2\repository\org\apache\maven\maven-settings\3.6.3\maven-settings-3.6.3.jar;C:\Users\Alejandro\.m2\repository\org\apache\maven\maven-core\3.6.3\maven-core-3.6.3.jar;C:\Users\Alejandro\.m2\repository\org\apache\maven\maven-artifact\3.6.3\maven-artifact-3.6.3.jar;C:\Users\Alejandro\.m2\repository\org\codehaus\plexus\plexus-component-annotations\2.1.0\plexus-component-annotations-2.1.0.jar;C:\Users\Alejandro\.m2\repository\org\apache\maven\maven-plugin-api\3.6.3\maven-plugin-api-3.6.3.jar;C:\Users\Alejandro\.m2\repository\org\apache\maven\maven-model\3.6.3\maven-model-3.6.3.jar;C:\Users\Alejandro\.m2\repository\org\apache\maven\maven-model-builder\3.6.3\maven-model-builder-3.6.3.jar;C:\Users\Alejandro\.m2\repository\org\apache\maven\maven-builder-support\3.6.3\maven-builder-support-3.6.3.jar;C:\Users\Alejandro\.m2\repository\org\apache\maven\resolver\maven-resolver-api\1.4.1\maven-resolver-api-1.4.1.jar;C:\Users\Alejandro\.m2\repository\org\apache\maven\resolver\maven-resolver-util\1.4.1\maven-resolver-util-1.4.1.jar;C:\Users\Alejandro\.m2\repository\org\apache\maven\shared\maven-shared-utils\3.2.1\maven-shared-utils-3.2.1.jar;C:\Users\Alejandro\.m2\repository\com\google\inject\guice\4.2.1\guice-4.2.1-no_aop.jar;C:\Users\Alejandro\.m2\repository\com\google\guava\guava\27.0.1-jre\guava-27.0.1-jre.jar;C:\Users\Alejandro\.m2\repository\com\google\guava\failureaccess\1.0.1\failureaccess-1.0.1.jar;C:\Users\Alejandro\.m2\repository\com\google\guava\listenablefuture\9999.0-empty-to-avoid-conflict-with-guava\listenablefuture-9999.0-empty-to-avoid-conflict-with-guava.jar;C:\Users\Alejandro\.m2\repository\org\codehaus\plexus\plexus-utils\3.2.1\plexus-utils-3.2.1.jar;C:\Users\Alejandro\.m2\repository\org\codehaus\plexus\plexus-classworlds\2.6.0\plexus-classworlds-2.6.0.jar;C:\Users\Alejandro\.m2\repository\commons-cli\commons-cli\1.4\commons-cli-1.4.jar;C:\Users\Alejandro\.m2\repository\org\eclipse\sisu\org.eclipse.sisu.plexus\0.3.4\org.eclipse.sisu.plexus-0.3.4.jar;C:\Users\Alejandro\.m2\repository\org\apache\maven\maven-settings-builder\3.6.3\maven-settings-builder-3.6.3.jar;C:\Users\Alejandro\.m2\repository\org\codehaus\plexus\plexus-interpolation\1.25\plexus-interpolation-1.25.jar;C:\Users\Alejandro\.m2\repository\org\sonatype\plexus\plexus-sec-dispatcher\1.4\plexus-sec-dispatcher-1.4.jar;C:\Users\Alejandro\.m2\repository\org\sonatype\plexus\plexus-cipher\1.4\plexus-cipher-1.4.jar;C:\Users\Alejandro\.m2\repository\org\apache\maven\maven-resolver-provider\3.6.3\maven-resolver-provider-3.6.3.jar;C:\Users\Alejandro\.m2\repository\org\apache\maven\maven-repository-metadata\3.6.3\maven-repository-metadata-3.6.3.jar;C:\Users\Alejandro\.m2\repository\org\apache\maven\resolver\maven-resolver-spi\1.4.1\maven-resolver-spi-1.4.1.jar;C:\Users\Alejandro\.m2\repository\org\apache\maven\resolver\maven-resolver-impl\1.4.1\maven-resolver-impl-1.4.1.jar;C:\Users\Alejandro\.m2\repository\org\apache\maven\resolver\maven-resolver-connector-basic\1.4.1\maven-resolver-connector-basic-1.4.1.jar;C:\Users\Alejandro\.m2\repository\org\apache\maven\resolver\maven-resolver-transport-wagon\1.4.1\maven-resolver-transport-wagon-1.4.1.jar;C:\Users\Alejandro\.m2\repository\org\apache\maven\wagon\wagon-http\3.3.4\wagon-http-3.3.4.jar;C:\Users\Alejandro\.m2\repository\org\apache\maven\wagon\wagon-http-shared\3.3.4\wagon-http-shared-3.3.4.jar;C:\Users\Alejandro\.m2\repository\org\jsoup\jsoup\1.12.1\jsoup-1.12.1.jar;C:\Users\Alejandro\.m2\repository\org\apache\maven\wagon\wagon-provider-api\3.3.4\wagon-provider-api-3.3.4.jar;C:\Users\Alejandro\.m2\repository\org\apache\maven\wagon\wagon-file\3.3.4\wagon-file-3.3.4.jar;C:\Users\Alejandro\.m2\repository\org\eclipse\sisu\org.eclipse.sisu.inject\0.3.4\org.eclipse.sisu.inject-0.3.4.jar;C:\Users\Alejandro\.m2\repository\io\quarkus\quarkus-test-common\1.6.1.Final\quarkus-test-common-1.6.1.Final.jar;C:\Users\Alejandro\.m2\repository\io\quarkus\quarkus-core-deployment\1.6.1.Final\quarkus-core-deployment-1.6.1.Final.jar;C:\Users\Alejandro\.m2\repository\io\quarkus\gizmo\gizmo\1.0.3.Final\gizmo-1.0.3.Final.jar;C:\Users\Alejandro\.m2\repository\org\ow2\asm\asm-util\8.0.1\asm-util-8.0.1.jar;C:\Users\Alejandro\.m2\repository\org\ow2\asm\asm-tree\8.0.1\asm-tree-8.0.1.jar;C:\Users\Alejandro\.m2\repository\org\ow2\asm\asm-analysis\8.0.1\asm-analysis-8.0.1.jar;C:\Users\Alejandro\.m2\repository\io\quarkus\quarkus-devtools-utilities\1.6.1.Final\quarkus-devtools-utilities-1.6.1.Final.jar;C:\Users\Alejandro\.m2\repository\io\quarkus\quarkus-builder\1.6.1.Final\quarkus-builder-1.6.1.Final.jar;C:\Users\Alejandro\.m2\repository\io\quarkus\quarkus-jsonp-deployment\1.6.1.Final\quarkus-jsonp-deployment-1.6.1.Final.jar;C:\Users\Alejandro\.m2\repository\io\quarkus\quarkus-jsonp\1.6.1.Final\quarkus-jsonp-1.6.1.Final.jar;C:\Users\Alejandro\.m2\repository\org\glassfish\jakarta.json\1.1.6\jakarta.json-1.1.6.jar;C:\Users\Alejandro\.m2\repository\org\jboss\jandex\2.1.3.Final\jandex-2.1.3.Final.jar;C:\Users\Alejandro\.m2\repository\org\jboss\logging\commons-logging-jboss-logging\1.0.0.Final\commons-logging-jboss-logging-1.0.0.Final.jar;C:\Users\Alejandro\.m2\repository\org\junit\jupiter\junit-jupiter\5.6.2\junit-jupiter-5.6.2.jar;C:\Users\Alejandro\.m2\repository\org\junit\jupiter\junit-jupiter-api\5.6.2\junit-jupiter-api-5.6.2.jar;C:\Users\Alejandro\.m2\repository\org\apiguardian\apiguardian-api\1.1.0\apiguardian-api-1.1.0.jar;C:\Users\Alejandro\.m2\repository\org\opentest4j\opentest4j\1.2.0\opentest4j-1.2.0.jar;C:\Users\Alejandro\.m2\repository\org\junit\platform\junit-platform-commons\1.6.2\junit-platform-commons-1.6.2.jar;C:\Users\Alejandro\.m2\repository\org\junit\jupiter\junit-jupiter-params\5.6.2\junit-jupiter-params-5.6.2.jar;C:\Users\Alejandro\.m2\repository\org\junit\jupiter\junit-jupiter-engine\5.6.2\junit-jupiter-engine-5.6.2.jar;C:\Users\Alejandro\.m2\repository\org\junit\platform\junit-platform-engine\1.6.2\junit-platform-engine-1.6.2.jar;C:\Users\Alejandro\.m2\repository\com\thoughtworks\xstream\xstream\1.4.11.1\xstream-1.4.11.1.jar;C:\Users\Alejandro\.m2\repository\xmlpull\xmlpull\1.1.3.1\xmlpull-1.1.3.1.jar;C:\Users\Alejandro\.m2\repository\xpp3\xpp3_min\1.1.4c\xpp3_min-1.1.4c.jar;C:\Users\Alejandro\.m2\repository\io\rest-assured\rest-assured\4.3.0\rest-assured-4.3.0.jar;C:\Users\Alejandro\.m2\repository\org\codehaus\groovy\groovy\3.0.2\groovy-3.0.2.jar;C:\Users\Alejandro\.m2\repository\org\codehaus\groovy\groovy-xml\3.0.2\groovy-xml-3.0.2.jar;C:\Users\Alejandro\.m2\repository\org\apache\httpcomponents\httpclient\4.5.12\httpclient-4.5.12.jar;C:\Users\Alejandro\.m2\repository\commons-codec\commons-codec\1.14\commons-codec-1.14.jar;C:\Users\Alejandro\.m2\repository\org\apache\httpcomponents\httpmime\4.5.3\httpmime-4.5.3.jar;C:\Users\Alejandro\.m2\repository\org\hamcrest\hamcrest\2.1\hamcrest-2.1.jar;C:\Users\Alejandro\.m2\repository\org\ccil\cowan\tagsoup\tagsoup\1.2.1\tagsoup-1.2.1.jar;C:\Users\Alejandro\.m2\repository\io\rest-assured\json-path\4.3.0\json-path-4.3.0.jar;C:\Users\Alejandro\.m2\repository\org\codehaus\groovy\groovy-json\3.0.2\groovy-json-3.0.2.jar;C:\Users\Alejandro\.m2\repository\io\rest-assured\rest-assured-common\4.3.0\rest-assured-common-4.3.0.jar;C:\Users\Alejandro\.m2\repository\io\rest-assured\xml-path\4.3.0\xml-path-4.3.0.jar;C:\Users\Alejandro\.m2\repository\org\apache\commons\commons-lang3\3.9\commons-lang3-3.9.jar;C:\Users\Alejandro\.m2\repository\jakarta\xml\bind\jakarta.xml.bind-api\2.3.2\jakarta.xml.bind-api-2.3.2.jar;C:\Users\Alejandro\.m2\repository\jakarta\activation\jakarta.activation-api\1.2.1\jakarta.activation-api-1.2.1.jar;C:\Users\Alejandro\.m2\repository\org\apache\sling\org.apache.sling.javax.activation\0.1.0\org.apache.sling.javax.activation-0.1.0.jar;"/>
    <property name="java.vm.vendor" value="Oracle Corporation"/>
    <property name="sun.arch.data.model" value="64"/>
    <property name="user.variant" value=""/>
    <property name="java.vendor.url" value="http://java.oracle.com/"/>
    <property name="user.timezone" value="America/Bogota"/>
    <property name="java.vm.specification.version" value="1.8"/>
    <property name="os.name" value="Windows 10"/>
    <property name="user.country" value="PE"/>
    <property name="sun.java.launcher" value="SUN_STANDARD"/>
    <property name="sun.boot.library.path" value="C:\Program Files\Java\jdk1.8.0_261\jre\bin"/>
    <property name="sun.java.command" value="C:\Users\ALEJAN~1\AppData\Local\Temp\surefire4188272594384427849\surefirebooter8443774554883278315.jar C:\Users\Alejandro\AppData\Local\Temp\surefire4188272594384427849 2020-08-10T16-29-52_165-jvmRun1 surefire8437987670192829546tmp surefire_08868537198355468122tmp"/>
    <property name="maven.home" value="C:\Program Files\apache-maven-3.6.3\bin\.."/>
    <property name="surefire.test.class.path" value="C:\Users\Alejandro\Desktop\Quarkus\quarkus-lambda-sam\target\test-classes;C:\Users\Alejandro\Desktop\Quarkus\quarkus-lambda-sam\target\classes;C:\Users\Alejandro\.m2\repository\io\quarkus\quarkus-resteasy\1.6.1.Final\quarkus-resteasy-1.6.1.Final.jar;C:\Users\Alejandro\.m2\repository\io\quarkus\quarkus-vertx-http\1.6.1.Final\quarkus-vertx-http-1.6.1.Final.jar;C:\Users\Alejandro\.m2\repository\io\quarkus\quarkus-development-mode-spi\1.6.1.Final\quarkus-development-mode-spi-1.6.1.Final.jar;C:\Users\Alejandro\.m2\repository\io\quarkus\quarkus-vertx-core\1.6.1.Final\quarkus-vertx-core-1.6.1.Final.jar;C:\Users\Alejandro\.m2\repository\io\vertx\vertx-web\3.9.1\vertx-web-3.9.1.jar;C:\Users\Alejandro\.m2\repository\io\vertx\vertx-web-common\3.9.1\vertx-web-common-3.9.1.jar;C:\Users\Alejandro\.m2\repository\io\vertx\vertx-auth-common\3.9.1\vertx-auth-common-3.9.1.jar;C:\Users\Alejandro\.m2\repository\io\vertx\vertx-bridge-common\3.9.1\vertx-bridge-common-3.9.1.jar;C:\Users\Alejandro\.m2\repository\io\quarkus\quarkus-resteasy-server-common\1.6.1.Final\quarkus-resteasy-server-common-1.6.1.Final.jar;C:\Users\Alejandro\.m2\repository\io\quarkus\quarkus-resteasy-common\1.6.1.Final\quarkus-resteasy-common-1.6.1.Final.jar;C:\Users\Alejandro\.m2\repository\org\jboss\resteasy\resteasy-core\4.5.5.Final\resteasy-core-4.5.5.Final.jar;C:\Users\Alejandro\.m2\repository\org\jboss\spec\javax\ws\rs\jboss-jaxrs-api_2.1_spec\2.0.1.Final\jboss-jaxrs-api_2.1_spec-2.0.1.Final.jar;C:\Users\Alejandro\.m2\repository\org\jboss\spec\javax\xml\bind\jboss-jaxb-api_2.3_spec\2.0.0.Final\jboss-jaxb-api_2.3_spec-2.0.0.Final.jar;C:\Users\Alejandro\.m2\repository\org\jboss\resteasy\resteasy-core-spi\4.5.5.Final\resteasy-core-spi-4.5.5.Final.jar;C:\Users\Alejandro\.m2\repository\com\ibm\async\asyncutil\0.1.0\asyncutil-0.1.0.jar;C:\Users\Alejandro\.m2\repository\org\eclipse\microprofile\config\microprofile-config-api\1.4\microprofile-config-api-1.4.jar;C:\Users\Alejandro\.m2\repository\com\sun\activation\jakarta.activation\1.2.1\jakarta.activation-1.2.1.jar;C:\Users\Alejandro\.m2\repository\jakarta\validation\jakarta.validation-api\2.0.2\jakarta.validation-api-2.0.2.jar;C:\Users\Alejandro\.m2\repository\io\quarkus\quarkus-undertow\1.6.1.Final\quarkus-undertow-1.6.1.Final.jar;C:\Users\Alejandro\.m2\repository\io\quarkus\quarkus-arc\1.6.1.Final\quarkus-arc-1.6.1.Final.jar;C:\Users\Alejandro\.m2\repository\io\quarkus\arc\arc\1.6.1.Final\arc-1.6.1.Final.jar;C:\Users\Alejandro\.m2\repository\jakarta\transaction\jakarta.transaction-api\1.3.3\jakarta.transaction-api-1.3.3.jar;C:\Users\Alejandro\.m2\repository\io\quarkus\security\quarkus-security\1.1.2.Final\quarkus-security-1.1.2.Final.jar;C:\Users\Alejandro\.m2\repository\org\jboss\logging\jboss-logging\3.3.2.Final\jboss-logging-3.3.2.Final.jar;C:\Users\Alejandro\.m2\repository\io\smallrye\reactive\mutiny\0.5.4\mutiny-0.5.4.jar;C:\Users\Alejandro\.m2\repository\org\reactivestreams\reactive-streams\1.0.3\reactive-streams-1.0.3.jar;C:\Users\Alejandro\.m2\repository\jakarta\enterprise\jakarta.enterprise.cdi-api\2.0.2\jakarta.enterprise.cdi-api-2.0.2.jar;C:\Users\Alejandro\.m2\repository\jakarta\el\jakarta.el-api\3.0.3\jakarta.el-api-3.0.3.jar;C:\Users\Alejandro\.m2\repository\jakarta\interceptor\jakarta.interceptor-api\1.2.5\jakarta.interceptor-api-1.2.5.jar;C:\Users\Alejandro\.m2\repository\jakarta\inject\jakarta.inject-api\1.0\jakarta.inject-api-1.0.jar;C:\Users\Alejandro\.m2\repository\io\quarkus\http\quarkus-http-servlet\3.0.12.Final\quarkus-http-servlet-3.0.12.Final.jar;C:\Users\Alejandro\.m2\repository\jakarta\servlet\jakarta.servlet-api\4.0.3\jakarta.servlet-api-4.0.3.jar;C:\Users\Alejandro\.m2\repository\jakarta\annotation\jakarta.annotation-api\1.3.5\jakarta.annotation-api-1.3.5.jar;C:\Users\Alejandro\.m2\repository\io\quarkus\http\quarkus-http-vertx-backend\3.0.12.Final\quarkus-http-vertx-backend-3.0.12.Final.jar;C:\Users\Alejandro\.m2\repository\io\vertx\vertx-core\3.9.1\vertx-core-3.9.1.jar;C:\Users\Alejandro\.m2\repository\io\netty\netty-common\4.1.49.Final\netty-common-4.1.49.Final.jar;C:\Users\Alejandro\.m2\repository\io\netty\netty-buffer\4.1.49.Final\netty-buffer-4.1.49.Final.jar;C:\Users\Alejandro\.m2\repository\io\netty\netty-transport\4.1.49.Final\netty-transport-4.1.49.Final.jar;C:\Users\Alejandro\.m2\repository\io\netty\netty-handler\4.1.49.Final\netty-handler-4.1.49.Final.jar;C:\Users\Alejandro\.m2\repository\io\netty\netty-handler-proxy\4.1.49.Final\netty-handler-proxy-4.1.49.Final.jar;C:\Users\Alejandro\.m2\repository\io\netty\netty-codec-socks\4.1.49.Final\netty-codec-socks-4.1.49.Final.jar;C:\Users\Alejandro\.m2\repository\io\netty\netty-codec-http2\4.1.49.Final\netty-codec-http2-4.1.49.Final.jar;C:\Users\Alejandro\.m2\repository\io\netty\netty-resolver\4.1.49.Final\netty-resolver-4.1.49.Final.jar;C:\Users\Alejandro\.m2\repository\io\netty\netty-resolver-dns\4.1.49.Final\netty-resolver-dns-4.1.49.Final.jar;C:\Users\Alejandro\.m2\repository\io\netty\netty-codec-dns\4.1.49.Final\netty-codec-dns-4.1.49.Final.jar;C:\Users\Alejandro\.m2\repository\io\quarkus\http\quarkus-http-http-core\3.0.12.Final\quarkus-http-http-core-3.0.12.Final.jar;C:\Users\Alejandro\.m2\repository\io\quarkus\http\quarkus-http-core\3.0.12.Final\quarkus-http-core-3.0.12.Final.jar;C:\Users\Alejandro\.m2\repository\io\netty\netty-codec-http\4.1.49.Final\netty-codec-http-4.1.49.Final.jar;C:\Users\Alejandro\.m2\repository\io\netty\netty-codec\4.1.49.Final\netty-codec-4.1.49.Final.jar;C:\Users\Alejandro\.m2\repository\io\quarkus\quarkus-core\1.6.1.Final\quarkus-core-1.6.1.Final.jar;C:\Users\Alejandro\.m2\repository\io\quarkus\quarkus-ide-launcher\1.6.1.Final\quarkus-ide-launcher-1.6.1.Final.jar;C:\Users\Alejandro\.m2\repository\io\smallrye\config\smallrye-config\1.8.4\smallrye-config-1.8.4.jar;C:\Users\Alejandro\.m2\repository\io\smallrye\common\smallrye-common-annotation\1.0.2\smallrye-common-annotation-1.0.2.jar;C:\Users\Alejandro\.m2\repository\io\smallrye\config\smallrye-config-common\1.8.4\smallrye-config-common-1.8.4.jar;C:\Users\Alejandro\.m2\repository\io\smallrye\common\smallrye-common-expression\1.0.2\smallrye-common-expression-1.0.2.jar;C:\Users\Alejandro\.m2\repository\io\smallrye\common\smallrye-common-function\1.0.2\smallrye-common-function-1.0.2.jar;C:\Users\Alejandro\.m2\repository\io\smallrye\common\smallrye-common-constraint\1.0.2\smallrye-common-constraint-1.0.2.jar;C:\Users\Alejandro\.m2\repository\org\jboss\logmanager\jboss-logmanager-embedded\1.0.4\jboss-logmanager-embedded-1.0.4.jar;C:\Users\Alejandro\.m2\repository\org\jboss\logging\jboss-logging-annotations\2.1.0.Final\jboss-logging-annotations-2.1.0.Final.jar;C:\Users\Alejandro\.m2\repository\org\jboss\threads\jboss-threads\3.1.1.Final\jboss-threads-3.1.1.Final.jar;C:\Users\Alejandro\.m2\repository\org\slf4j\slf4j-api\1.7.30\slf4j-api-1.7.30.jar;C:\Users\Alejandro\.m2\repository\org\jboss\slf4j\slf4j-jboss-logging\1.2.0.Final\slf4j-jboss-logging-1.2.0.Final.jar;C:\Users\Alejandro\.m2\repository\org\graalvm\sdk\graal-sdk\20.1.0\graal-sdk-20.1.0.jar;C:\Users\Alejandro\.m2\repository\org\wildfly\common\wildfly-common\1.5.4.Final-format-001\wildfly-common-1.5.4.Final-format-001.jar;C:\Users\Alejandro\.m2\repository\io\quarkus\quarkus-bootstrap-runner\1.6.1.Final\quarkus-bootstrap-runner-1.6.1.Final.jar;C:\Users\Alejandro\.m2\repository\org\eclipse\microprofile\context-propagation\microprofile-context-propagation-api\1.0.1\microprofile-context-propagation-api-1.0.1.jar;C:\Users\Alejandro\.m2\repository\io\quarkus\quarkus-vertx-web\1.6.1.Final\quarkus-vertx-web-1.6.1.Final.jar;C:\Users\Alejandro\.m2\repository\io\quarkus\quarkus-vertx\1.6.1.Final\quarkus-vertx-1.6.1.Final.jar;C:\Users\Alejandro\.m2\repository\io\quarkus\quarkus-netty\1.6.1.Final\quarkus-netty-1.6.1.Final.jar;C:\Users\Alejandro\.m2\repository\io\smallrye\reactive\smallrye-axle-generator\0.1.1\smallrye-axle-generator-0.1.1.jar;C:\Users\Alejandro\.m2\repository\io\smallrye\reactive\mutiny-reactive-streams-operators\0.5.4\mutiny-reactive-streams-operators-0.5.4.jar;C:\Users\Alejandro\.m2\repository\org\eclipse\microprofile\reactive-streams-operators\microprofile-reactive-streams-operators-api\1.0.1\microprofile-reactive-streams-operators-api-1.0.1.jar;C:\Users\Alejandro\.m2\repository\org\eclipse\microprofile\reactive-streams-operators\microprofile-reactive-streams-operators-core\1.0.1\microprofile-reactive-streams-operators-core-1.0.1.jar;C:\Users\Alejandro\.m2\repository\io\smallrye\reactive\smallrye-axle-core\0.1.1\smallrye-axle-core-0.1.1.jar;C:\Users\Alejandro\.m2\repository\io\vertx\vertx-rx-java2\3.9.1\vertx-rx-java2-3.9.1.jar;C:\Users\Alejandro\.m2\repository\io\reactivex\rxjava2\rxjava\2.2.19\rxjava-2.2.19.jar;C:\Users\Alejandro\.m2\repository\io\vertx\vertx-rx-gen\3.9.1\vertx-rx-gen-3.9.1.jar;C:\Users\Alejandro\.m2\repository\io\vertx\vertx-codegen\3.9.1\vertx-codegen-3.9.1.jar;C:\Users\Alejandro\.m2\repository\org\mvel\mvel2\2.3.1.Final\mvel2-2.3.1.Final.jar;C:\Users\Alejandro\.m2\repository\io\quarkus\quarkus-mutiny\1.6.1.Final\quarkus-mutiny-1.6.1.Final.jar;C:\Users\Alejandro\.m2\repository\io\quarkus\quarkus-smallrye-context-propagation\1.6.1.Final\quarkus-smallrye-context-propagation-1.6.1.Final.jar;C:\Users\Alejandro\.m2\repository\io\smallrye\smallrye-context-propagation\1.0.13\smallrye-context-propagation-1.0.13.jar;C:\Users\Alejandro\.m2\repository\io\smallrye\smallrye-context-propagation-api\1.0.13\smallrye-context-propagation-api-1.0.13.jar;C:\Users\Alejandro\.m2\repository\io\smallrye\reactive\mutiny-context-propagation\0.5.4\mutiny-context-propagation-0.5.4.jar;C:\Users\Alejandro\.m2\repository\io\smallrye\reactive\smallrye-mutiny-vertx-core\0.1.1\smallrye-mutiny-vertx-core-0.1.1.jar;C:\Users\Alejandro\.m2\repository\io\smallrye\reactive\smallrye-mutiny-vertx-runtime\0.1.1\smallrye-mutiny-vertx-runtime-0.1.1.jar;C:\Users\Alejandro\.m2\repository\io\smallrye\reactive\vertx-mutiny-generator\0.1.1\vertx-mutiny-generator-0.1.1.jar;C:\Users\Alejandro\.m2\repository\io\quarkus\quarkus-funqy-http\1.6.1.Final\quarkus-funqy-http-1.6.1.Final.jar;C:\Users\Alejandro\.m2\repository\io\quarkus\quarkus-funqy-server-common\1.6.1.Final\quarkus-funqy-server-common-1.6.1.Final.jar;C:\Users\Alejandro\.m2\repository\io\quarkus\quarkus-jackson\1.6.1.Final\quarkus-jackson-1.6.1.Final.jar;C:\Users\Alejandro\.m2\repository\com\fasterxml\jackson\core\jackson-databind\2.10.4\jackson-databind-2.10.4.jar;C:\Users\Alejandro\.m2\repository\com\fasterxml\jackson\core\jackson-annotations\2.10.4\jackson-annotations-2.10.4.jar;C:\Users\Alejandro\.m2\repository\com\fasterxml\jackson\core\jackson-core\2.10.4\jackson-core-2.10.4.jar;C:\Users\Alejandro\.m2\repository\com\fasterxml\jackson\datatype\jackson-datatype-jsr310\2.10.4\jackson-datatype-jsr310-2.10.4.jar;C:\Users\Alejandro\.m2\repository\com\fasterxml\jackson\datatype\jackson-datatype-jdk8\2.10.4\jackson-datatype-jdk8-2.10.4.jar;C:\Users\Alejandro\.m2\repository\com\fasterxml\jackson\module\jackson-module-parameter-names\2.10.4\jackson-module-parameter-names-2.10.4.jar;C:\Users\Alejandro\.m2\repository\io\quarkus\quarkus-amazon-lambda-http\1.6.1.Final\quarkus-amazon-lambda-http-1.6.1.Final.jar;C:\Users\Alejandro\.m2\repository\io\quarkus\quarkus-amazon-lambda\1.6.1.Final\quarkus-amazon-lambda-1.6.1.Final.jar;C:\Users\Alejandro\.m2\repository\io\quarkus\quarkus-amazon-lambda-common\1.6.1.Final\quarkus-amazon-lambda-common-1.6.1.Final.jar;C:\Users\Alejandro\.m2\repository\com\amazonaws\aws-lambda-java-events\3.1.0\aws-lambda-java-events-3.1.0.jar;C:\Users\Alejandro\.m2\repository\com\fasterxml\jackson\datatype\jackson-datatype-joda\2.10.4\jackson-datatype-joda-2.10.4.jar;C:\Users\Alejandro\.m2\repository\joda-time\joda-time\2.9.9\joda-time-2.9.9.jar;C:\Users\Alejandro\.m2\repository\com\amazonaws\serverless\aws-serverless-java-container-core\1.3.1\aws-serverless-java-container-core-1.3.1.jar;C:\Users\Alejandro\.m2\repository\com\amazonaws\aws-lambda-java-core\1.2.1\aws-lambda-java-core-1.2.1.jar;C:\Users\Alejandro\.m2\repository\com\fasterxml\jackson\module\jackson-module-afterburner\2.10.4\jackson-module-afterburner-2.10.4.jar;C:\Users\Alejandro\.m2\repository\commons-fileupload\commons-fileupload\1.4\commons-fileupload-1.4.jar;C:\Users\Alejandro\.m2\repository\commons-io\commons-io\2.6\commons-io-2.6.jar;C:\Users\Alejandro\.m2\repository\org\apache\httpcomponents\httpcore\4.4.13\httpcore-4.4.13.jar;C:\Users\Alejandro\.m2\repository\io\quarkus\quarkus-junit5\1.6.1.Final\quarkus-junit5-1.6.1.Final.jar;C:\Users\Alejandro\.m2\repository\io\quarkus\quarkus-bootstrap-core\1.6.1.Final\quarkus-bootstrap-core-1.6.1.Final.jar;C:\Users\Alejandro\.m2\repository\io\quarkus\quarkus-bootstrap-app-model\1.6.1.Final\quarkus-bootstrap-app-model-1.6.1.Final.jar;C:\Users\Alejandro\.m2\repository\io\quarkus\quarkus-bootstrap-maven-resolver\1.6.1.Final\quarkus-bootstrap-maven-resolver-1.6.1.Final.jar;C:\Users\Alejandro\.m2\repository\org\ow2\asm\asm\8.0.1\asm-8.0.1.jar;C:\Users\Alejandro\.m2\repository\org\apache\maven\maven-embedder\3.6.3\maven-embedder-3.6.3.jar;C:\Users\Alejandro\.m2\repository\org\apache\maven\maven-settings\3.6.3\maven-settings-3.6.3.jar;C:\Users\Alejandro\.m2\repository\org\apache\maven\maven-core\3.6.3\maven-core-3.6.3.jar;C:\Users\Alejandro\.m2\repository\org\apache\maven\maven-artifact\3.6.3\maven-artifact-3.6.3.jar;C:\Users\Alejandro\.m2\repository\org\codehaus\plexus\plexus-component-annotations\2.1.0\plexus-component-annotations-2.1.0.jar;C:\Users\Alejandro\.m2\repository\org\apache\maven\maven-plugin-api\3.6.3\maven-plugin-api-3.6.3.jar;C:\Users\Alejandro\.m2\repository\org\apache\maven\maven-model\3.6.3\maven-model-3.6.3.jar;C:\Users\Alejandro\.m2\repository\org\apache\maven\maven-model-builder\3.6.3\maven-model-builder-3.6.3.jar;C:\Users\Alejandro\.m2\repository\org\apache\maven\maven-builder-support\3.6.3\maven-builder-support-3.6.3.jar;C:\Users\Alejandro\.m2\repository\org\apache\maven\resolver\maven-resolver-api\1.4.1\maven-resolver-api-1.4.1.jar;C:\Users\Alejandro\.m2\repository\org\apache\maven\resolver\maven-resolver-util\1.4.1\maven-resolver-util-1.4.1.jar;C:\Users\Alejandro\.m2\repository\org\apache\maven\shared\maven-shared-utils\3.2.1\maven-shared-utils-3.2.1.jar;C:\Users\Alejandro\.m2\repository\com\google\inject\guice\4.2.1\guice-4.2.1-no_aop.jar;C:\Users\Alejandro\.m2\repository\com\google\guava\guava\27.0.1-jre\guava-27.0.1-jre.jar;C:\Users\Alejandro\.m2\repository\com\google\guava\failureaccess\1.0.1\failureaccess-1.0.1.jar;C:\Users\Alejandro\.m2\repository\com\google\guava\listenablefuture\9999.0-empty-to-avoid-conflict-with-guava\listenablefuture-9999.0-empty-to-avoid-conflict-with-guava.jar;C:\Users\Alejandro\.m2\repository\org\codehaus\plexus\plexus-utils\3.2.1\plexus-utils-3.2.1.jar;C:\Users\Alejandro\.m2\repository\org\codehaus\plexus\plexus-classworlds\2.6.0\plexus-classworlds-2.6.0.jar;C:\Users\Alejandro\.m2\repository\commons-cli\commons-cli\1.4\commons-cli-1.4.jar;C:\Users\Alejandro\.m2\repository\org\eclipse\sisu\org.eclipse.sisu.plexus\0.3.4\org.eclipse.sisu.plexus-0.3.4.jar;C:\Users\Alejandro\.m2\repository\org\apache\maven\maven-settings-builder\3.6.3\maven-settings-builder-3.6.3.jar;C:\Users\Alejandro\.m2\repository\org\codehaus\plexus\plexus-interpolation\1.25\plexus-interpolation-1.25.jar;C:\Users\Alejandro\.m2\repository\org\sonatype\plexus\plexus-sec-dispatcher\1.4\plexus-sec-dispatcher-1.4.jar;C:\Users\Alejandro\.m2\repository\org\sonatype\plexus\plexus-cipher\1.4\plexus-cipher-1.4.jar;C:\Users\Alejandro\.m2\repository\org\apache\maven\maven-resolver-provider\3.6.3\maven-resolver-provider-3.6.3.jar;C:\Users\Alejandro\.m2\repository\org\apache\maven\maven-repository-metadata\3.6.3\maven-repository-metadata-3.6.3.jar;C:\Users\Alejandro\.m2\repository\org\apache\maven\resolver\maven-resolver-spi\1.4.1\maven-resolver-spi-1.4.1.jar;C:\Users\Alejandro\.m2\repository\org\apache\maven\resolver\maven-resolver-impl\1.4.1\maven-resolver-impl-1.4.1.jar;C:\Users\Alejandro\.m2\repository\org\apache\maven\resolver\maven-resolver-connector-basic\1.4.1\maven-resolver-connector-basic-1.4.1.jar;C:\Users\Alejandro\.m2\repository\org\apache\maven\resolver\maven-resolver-transport-wagon\1.4.1\maven-resolver-transport-wagon-1.4.1.jar;C:\Users\Alejandro\.m2\repository\org\apache\maven\wagon\wagon-http\3.3.4\wagon-http-3.3.4.jar;C:\Users\Alejandro\.m2\repository\org\apache\maven\wagon\wagon-http-shared\3.3.4\wagon-http-shared-3.3.4.jar;C:\Users\Alejandro\.m2\repository\org\jsoup\jsoup\1.12.1\jsoup-1.12.1.jar;C:\Users\Alejandro\.m2\repository\org\apache\maven\wagon\wagon-provider-api\3.3.4\wagon-provider-api-3.3.4.jar;C:\Users\Alejandro\.m2\repository\org\apache\maven\wagon\wagon-file\3.3.4\wagon-file-3.3.4.jar;C:\Users\Alejandro\.m2\repository\org\eclipse\sisu\org.eclipse.sisu.inject\0.3.4\org.eclipse.sisu.inject-0.3.4.jar;C:\Users\Alejandro\.m2\repository\io\quarkus\quarkus-test-common\1.6.1.Final\quarkus-test-common-1.6.1.Final.jar;C:\Users\Alejandro\.m2\repository\io\quarkus\quarkus-core-deployment\1.6.1.Final\quarkus-core-deployment-1.6.1.Final.jar;C:\Users\Alejandro\.m2\repository\io\quarkus\gizmo\gizmo\1.0.3.Final\gizmo-1.0.3.Final.jar;C:\Users\Alejandro\.m2\repository\org\ow2\asm\asm-util\8.0.1\asm-util-8.0.1.jar;C:\Users\Alejandro\.m2\repository\org\ow2\asm\asm-tree\8.0.1\asm-tree-8.0.1.jar;C:\Users\Alejandro\.m2\repository\org\ow2\asm\asm-analysis\8.0.1\asm-analysis-8.0.1.jar;C:\Users\Alejandro\.m2\repository\io\quarkus\quarkus-devtools-utilities\1.6.1.Final\quarkus-devtools-utilities-1.6.1.Final.jar;C:\Users\Alejandro\.m2\repository\io\quarkus\quarkus-builder\1.6.1.Final\quarkus-builder-1.6.1.Final.jar;C:\Users\Alejandro\.m2\repository\io\quarkus\quarkus-jsonp-deployment\1.6.1.Final\quarkus-jsonp-deployment-1.6.1.Final.jar;C:\Users\Alejandro\.m2\repository\io\quarkus\quarkus-jsonp\1.6.1.Final\quarkus-jsonp-1.6.1.Final.jar;C:\Users\Alejandro\.m2\repository\org\glassfish\jakarta.json\1.1.6\jakarta.json-1.1.6.jar;C:\Users\Alejandro\.m2\repository\org\jboss\jandex\2.1.3.Final\jandex-2.1.3.Final.jar;C:\Users\Alejandro\.m2\repository\org\jboss\logging\commons-logging-jboss-logging\1.0.0.Final\commons-logging-jboss-logging-1.0.0.Final.jar;C:\Users\Alejandro\.m2\repository\org\junit\jupiter\junit-jupiter\5.6.2\junit-jupiter-5.6.2.jar;C:\Users\Alejandro\.m2\repository\org\junit\jupiter\junit-jupiter-api\5.6.2\junit-jupiter-api-5.6.2.jar;C:\Users\Alejandro\.m2\repository\org\apiguardian\apiguardian-api\1.1.0\apiguardian-api-1.1.0.jar;C:\Users\Alejandro\.m2\repository\org\opentest4j\opentest4j\1.2.0\opentest4j-1.2.0.jar;C:\Users\Alejandro\.m2\repository\org\junit\platform\junit-platform-commons\1.6.2\junit-platform-commons-1.6.2.jar;C:\Users\Alejandro\.m2\repository\org\junit\jupiter\junit-jupiter-params\5.6.2\junit-jupiter-params-5.6.2.jar;C:\Users\Alejandro\.m2\repository\org\junit\jupiter\junit-jupiter-engine\5.6.2\junit-jupiter-engine-5.6.2.jar;C:\Users\Alejandro\.m2\repository\org\junit\platform\junit-platform-engine\1.6.2\junit-platform-engine-1.6.2.jar;C:\Users\Alejandro\.m2\repository\com\thoughtworks\xstream\xstream\1.4.11.1\xstream-1.4.11.1.jar;C:\Users\Alejandro\.m2\repository\xmlpull\xmlpull\1.1.3.1\xmlpull-1.1.3.1.jar;C:\Users\Alejandro\.m2\repository\xpp3\xpp3_min\1.1.4c\xpp3_min-1.1.4c.jar;C:\Users\Alejandro\.m2\repository\io\rest-assured\rest-assured\4.3.0\rest-assured-4.3.0.jar;C:\Users\Alejandro\.m2\repository\org\codehaus\groovy\groovy\3.0.2\groovy-3.0.2.jar;C:\Users\Alejandro\.m2\repository\org\codehaus\groovy\groovy-xml\3.0.2\groovy-xml-3.0.2.jar;C:\Users\Alejandro\.m2\repository\org\apache\httpcomponents\httpclient\4.5.12\httpclient-4.5.12.jar;C:\Users\Alejandro\.m2\repository\commons-codec\commons-codec\1.14\commons-codec-1.14.jar;C:\Users\Alejandro\.m2\repository\org\apache\httpcomponents\httpmime\4.5.3\httpmime-4.5.3.jar;C:\Users\Alejandro\.m2\repository\org\hamcrest\hamcrest\2.1\hamcrest-2.1.jar;C:\Users\Alejandro\.m2\repository\org\ccil\cowan\tagsoup\tagsoup\1.2.1\tagsoup-1.2.1.jar;C:\Users\Alejandro\.m2\repository\io\rest-assured\json-path\4.3.0\json-path-4.3.0.jar;C:\Users\Alejandro\.m2\repository\org\codehaus\groovy\groovy-json\3.0.2\groovy-json-3.0.2.jar;C:\Users\Alejandro\.m2\repository\io\rest-assured\rest-assured-common\4.3.0\rest-assured-common-4.3.0.jar;C:\Users\Alejandro\.m2\repository\io\rest-assured\xml-path\4.3.0\xml-path-4.3.0.jar;C:\Users\Alejandro\.m2\repository\org\apache\commons\commons-lang3\3.9\commons-lang3-3.9.jar;C:\Users\Alejandro\.m2\repository\jakarta\xml\bind\jakarta.xml.bind-api\2.3.2\jakarta.xml.bind-api-2.3.2.jar;C:\Users\Alejandro\.m2\repository\jakarta\activation\jakarta.activation-api\1.2.1\jakarta.activation-api-1.2.1.jar;C:\Users\Alejandro\.m2\repository\org\apache\sling\org.apache.sling.javax.activation\0.1.0\org.apache.sling.javax.activation-0.1.0.jar;"/>
    <property name="sun.cpu.endian" value="little"/>
    <property name="user.home" value="C:\Users\Alejandro"/>
    <property name="user.language" value="es"/>
    <property name="java.specification.vendor" value="Oracle Corporation"/>
    <property name="java.home" value="C:\Program Files\Java\jdk1.8.0_261\jre"/>
    <property name="basedir" value="C:\Users\Alejandro\Desktop\Quarkus\quarkus-lambda-sam"/>
    <property name="file.separator" value="\"/>
    <property name="line.separator" value="&#10;"/>
    <property name="java.vm.specification.vendor" value="Oracle Corporation"/>
    <property name="java.specification.name" value="Java Platform API Specification"/>
    <property name="java.awt.graphicsenv" value="sun.awt.Win32GraphicsEnvironment"/>
    <property name="surefire.real.class.path" value="C:\Users\ALEJAN~1\AppData\Local\Temp\surefire4188272594384427849\surefirebooter8443774554883278315.jar"/>
    <property name="sun.boot.class.path" value="C:\Program Files\Java\jdk1.8.0_261\jre\lib\resources.jar;C:\Program Files\Java\jdk1.8.0_261\jre\lib\rt.jar;C:\Program Files\Java\jdk1.8.0_261\jre\lib\sunrsasign.jar;C:\Program Files\Java\jdk1.8.0_261\jre\lib\jsse.jar;C:\Program Files\Java\jdk1.8.0_261\jre\lib\jce.jar;C:\Program Files\Java\jdk1.8.0_261\jre\lib\charsets.jar;C:\Program Files\Java\jdk1.8.0_261\jre\lib\jfr.jar;C:\Program Files\Java\jdk1.8.0_261\jre\classes"/>
    <property name="user.script" value=""/>
    <property name="sun.management.compiler" value="HotSpot 64-Bit Tiered Compilers"/>
    <property name="java.runtime.version" value="1.8.0_261-b12"/>
    <property name="user.name" value="Alejandro"/>
    <property name="path.separator" value=";"/>
    <property name="os.version" value="10.0"/>
    <property name="java.endorsed.dirs" value="C:\Program Files\Java\jdk1.8.0_261\jre\lib\endorsed"/>
    <property name="java.runtime.name" value="Java(TM) SE Runtime Environment"/>
    <property name="file.encoding" value="Cp1252"/>
    <property name="java.vm.name" value="Java HotSpot(TM) 64-Bit Server VM"/>
    <property name="localRepository" value="C:\Users\Alejandro\.m2\repository"/>
    <property name="java.vendor.url.bug" value="http://bugreport.sun.com/bugreport/"/>
    <property name="java.io.tmpdir" value="C:\Users\ALEJAN~1\AppData\Local\Temp\"/>
    <property name="java.version" value="1.8.0_261"/>
    <property name="user.dir" value="C:\Users\Alejandro\Desktop\Quarkus\quarkus-lambda-sam"/>
    <property name="os.arch" value="amd64"/>
    <property name="java.vm.specification.name" value="Java Virtual Machine Specification"/>
    <property name="java.awt.printerjob" value="sun.awt.windows.WPrinterJob"/>
    <property name="sun.os.patch.level" value=""/>
    <property name="java.util.logging.manager" value="org.jboss.logmanager.LogManager"/>
    <property name="java.library.path" value="C:\Program Files\Java\jdk1.8.0_261\jre\bin;C:\WINDOWS\Sun\Java\bin;C:\WINDOWS\system32;C:\WINDOWS;C:\Program Files (x86)\Common Files\Oracle\Java\javapath;C:\Windows\system32;C:\Windows;C:\Windows\System32\Wbem;C:\Windows\System32\WindowsPowerShell\v1.0\;C:\Windows\System32\OpenSSH\;C:\Program Files (x86)\NVIDIA Corporation\PhysX\Common;C:\Program Files\NVIDIA Corporation\NVIDIA NvDLISR;D:\Git\cmd;C:\WINDOWS\system32;C:\WINDOWS;C:\WINDOWS\System32\Wbem;C:\WINDOWS\System32\WindowsPowerShell\v1.0\;C:\WINDOWS\System32\OpenSSH\;D:\polyspace\bin;D:\Matlab_programa\runtime\win64;D:\Matlab_programa\bin;D:\Matlab_programa\polyspace\bin;C:\Program Files\MATLAB\R2020a\bin;C:\Program Files\Java\jdk1.8.0_261\bin;C:\Program Files\nodejs\;C:\Program Files\Docker\Docker\resources\bin;C:\ProgramData\DockerDesktop\version-bin;C:\Users\Alejandro\AppData\Local\Microsoft\WindowsApps;C:\Program Files\apache-maven-3.6.3\bin;C:\Program Files\Java\jdk1.8.0_261\bin;C:\Users\Alejandro\AppData\Local\GitHubDesktop\bin;D:\Microsoft VS Code\bin;C:\Users\Alejandro\AppData\Roaming\npm;."/>
    <property name="java.vm.info" value="mixed mode"/>
    <property name="java.vendor" value="Oracle Corporation"/>
    <property name="java.vm.version" value="25.261-b12"/>
    <property name="java.ext.dirs" value="C:\Program Files\Java\jdk1.8.0_261\jre\lib\ext;C:\WINDOWS\Sun\Java\lib\ext"/>
    <property name="sun.io.unicode.encoding" value="UnicodeLittle"/>
    <property name="java.class.version" value="52.0"/>
  </properties>
  <testcase name="testJaxrs" classname="dev.sample.GreetingTest" time="1.822"/>
</testsuite>